TypeError: Cannot read property 'statusCode' of undefined
    at Request._callback (D:\owlog\the-antman-web\common\util\api_call.js:33:48)
    at self.callback (D:\owlog\the-antman-web\node_modules\request\request.js:185:22)
    at Request.emit (events.js:210:5)
    at Request.onRequestError (D:\owlog\the-antman-web\node_modules\request\request.js:877:8)
    at ClientRequest.emit (events.js:210:5)
    at Socket.socketErrorListener (_http_client.js:406:9)
    at Socket.emit (events.js:210:5)
    at emitErrorNT (internal/streams/destroy.js:92:8)
    at emitErrorAndCloseNT (internal/streams/destroy.js:60:3)
    at processTicksAndRejections (internal/process/task_queues.js:80:21)
TypeError: Cannot read property 'statusCode' of undefined
    at Request._callback (D:\owlog\the-antman-web\common\util\api_call.js:33:48)
    at self.callback (D:\owlog\the-antman-web\node_modules\request\request.js:185:22)
    at Request.emit (events.js:210:5)
    at Request.onRequestError (D:\owlog\the-antman-web\node_modules\request\request.js:877:8)
    at ClientRequest.emit (events.js:210:5)
    at Socket.socketErrorListener (_http_client.js:406:9)
    at Socket.emit (events.js:210:5)
    at emitErrorNT (internal/streams/destroy.js:92:8)
    at emitErrorAndCloseNT (internal/streams/destroy.js:60:3)
    at processTicksAndRejections (internal/process/task_queues.js:80:21)
TypeError: Cannot read property 'statusCode' of undefined
    at Request._callback (D:\owlog\the-antman-web\common\util\api_call.js:33:48)
    at self.callback (D:\owlog\the-antman-web\node_modules\request\request.js:185:22)
    at Request.emit (events.js:210:5)
    at Request.onRequestError (D:\owlog\the-antman-web\node_modules\request\request.js:877:8)
    at ClientRequest.emit (events.js:210:5)
    at Socket.socketErrorListener (_http_client.js:406:9)
    at Socket.emit (events.js:210:5)
    at emitErrorNT (internal/streams/destroy.js:92:8)
    at emitErrorAndCloseNT (internal/streams/destroy.js:60:3)
    at processTicksAndRejections (internal/process/task_queues.js:80:21)
TypeError: Cannot read property 'statusCode' of undefined
    at Request._callback (D:\owlog\the-antman-web\common\util\api_call.js:33:48)
    at self.callback (D:\owlog\the-antman-web\node_modules\request\request.js:185:22)
    at Request.emit (events.js:210:5)
    at Request.onRequestError (D:\owlog\the-antman-web\node_modules\request\request.js:877:8)
    at ClientRequest.emit (events.js:210:5)
    at Socket.socketErrorListener (_http_client.js:406:9)
    at Socket.emit (events.js:210:5)
    at emitErrorNT (internal/streams/destroy.js:92:8)
    at emitErrorAndCloseNT (internal/streams/destroy.js:60:3)
    at processTicksAndRejections (internal/process/task_queues.js:80:21)
TypeError: Cannot read property 'statusCode' of undefined
    at Request._callback (D:\owlog\the-antman-web\common\util\api_call.js:33:48)
    at self.callback (D:\owlog\the-antman-web\node_modules\request\request.js:185:22)
    at Request.emit (events.js:210:5)
    at Request.onRequestError (D:\owlog\the-antman-web\node_modules\request\request.js:877:8)
    at ClientRequest.emit (events.js:210:5)
    at Socket.socketErrorListener (_http_client.js:406:9)
    at Socket.emit (events.js:210:5)
    at emitErrorNT (internal/streams/destroy.js:92:8)
    at emitErrorAndCloseNT (internal/streams/destroy.js:60:3)
    at processTicksAndRejections (internal/process/task_queues.js:80:21)
TypeError: Cannot read property 'statusCode' of undefined
    at Request._callback (D:\owlog\the-antman-web\common\util\api_call.js:33:48)
    at self.callback (D:\owlog\the-antman-web\node_modules\request\request.js:185:22)
    at Request.emit (events.js:210:5)
    at Request.onRequestError (D:\owlog\the-antman-web\node_modules\request\request.js:877:8)
    at ClientRequest.emit (events.js:210:5)
    at Socket.socketErrorListener (_http_client.js:406:9)
    at Socket.emit (events.js:210:5)
    at emitErrorNT (internal/streams/destroy.js:92:8)
    at emitErrorAndCloseNT (internal/streams/destroy.js:60:3)
    at processTicksAndRejections (internal/process/task_queues.js:80:21)
TypeError: Cannot read property 'statusCode' of undefined
    at Request._callback (D:\owlog\the-antman-web\common\util\api_call.js:33:48)
    at self.callback (D:\owlog\the-antman-web\node_modules\request\request.js:185:22)
    at Request.emit (events.js:210:5)
    at Request.onRequestError (D:\owlog\the-antman-web\node_modules\request\request.js:877:8)
    at ClientRequest.emit (events.js:210:5)
    at Socket.socketErrorListener (_http_client.js:406:9)
    at Socket.emit (events.js:210:5)
    at emitErrorNT (internal/streams/destroy.js:92:8)
    at emitErrorAndCloseNT (internal/streams/destroy.js:60:3)
    at processTicksAndRejections (internal/process/task_queues.js:80:21)
TypeError: Cannot read property 'statusCode' of undefined
    at Request._callback (D:\owlog\the-antman-web\common\util\api_call.js:33:48)
    at self.callback (D:\owlog\the-antman-web\node_modules\request\request.js:185:22)
    at Request.emit (events.js:210:5)
    at Request.onRequestError (D:\owlog\the-antman-web\node_modules\request\request.js:877:8)
    at ClientRequest.emit (events.js:210:5)
    at Socket.socketErrorListener (_http_client.js:406:9)
    at Socket.emit (events.js:210:5)
    at emitErrorNT (internal/streams/destroy.js:92:8)
    at emitErrorAndCloseNT (internal/streams/destroy.js:60:3)
    at processTicksAndRejections (internal/process/task_queues.js:80:21)
TypeError: Cannot read property 'statusCode' of undefined
    at Request._callback (D:\owlog\the-antman-web\common\util\api_call.js:33:48)
    at self.callback (D:\owlog\the-antman-web\node_modules\request\request.js:185:22)
    at Request.emit (events.js:210:5)
    at Request.onRequestError (D:\owlog\the-antman-web\node_modules\request\request.js:877:8)
    at ClientRequest.emit (events.js:210:5)
    at Socket.socketErrorListener (_http_client.js:406:9)
    at Socket.emit (events.js:210:5)
    at emitErrorNT (internal/streams/destroy.js:92:8)
    at emitErrorAndCloseNT (internal/streams/destroy.js:60:3)
    at processTicksAndRejections (internal/process/task_queues.js:80:21)
TypeError: Cannot read property 'statusCode' of undefined
    at Request._callback (D:\owlog\the-antman-web\common\util\api_call.js:33:48)
    at self.callback (D:\owlog\the-antman-web\node_modules\request\request.js:185:22)
    at Request.emit (events.js:210:5)
    at Request.onRequestError (D:\owlog\the-antman-web\node_modules\request\request.js:877:8)
    at ClientRequest.emit (events.js:210:5)
    at Socket.socketErrorListener (_http_client.js:406:9)
    at Socket.emit (events.js:210:5)
    at emitErrorNT (internal/streams/destroy.js:92:8)
    at emitErrorAndCloseNT (internal/streams/destroy.js:60:3)
    at processTicksAndRejections (internal/process/task_queues.js:80:21)
TypeError: Cannot read property 'statusCode' of undefined
    at Request._callback (D:\owlog\the-antman-web\common\util\api_call.js:33:48)
    at self.callback (D:\owlog\the-antman-web\node_modules\request\request.js:185:22)
    at Request.emit (events.js:210:5)
    at Request.onRequestError (D:\owlog\the-antman-web\node_modules\request\request.js:877:8)
    at ClientRequest.emit (events.js:210:5)
    at Socket.socketErrorListener (_http_client.js:406:9)
    at Socket.emit (events.js:210:5)
    at emitErrorNT (internal/streams/destroy.js:92:8)
    at emitErrorAndCloseNT (internal/streams/destroy.js:60:3)
    at processTicksAndRejections (internal/process/task_queues.js:80:21)
TypeError: Cannot read property 'statusCode' of undefined
    at Request._callback (D:\owlog\the-antman-web\common\util\api_call.js:33:48)
    at self.callback (D:\owlog\the-antman-web\node_modules\request\request.js:185:22)
    at Request.emit (events.js:210:5)
    at Request.onRequestError (D:\owlog\the-antman-web\node_modules\request\request.js:877:8)
    at ClientRequest.emit (events.js:210:5)
    at Socket.socketErrorListener (_http_client.js:406:9)
    at Socket.emit (events.js:210:5)
    at emitErrorNT (internal/streams/destroy.js:92:8)
    at emitErrorAndCloseNT (internal/streams/destroy.js:60:3)
    at processTicksAndRejections (internal/process/task_queues.js:80:21)
TypeError: Cannot read property 'statusCode' of undefined
    at Request._callback (D:\owlog\the-antman-web\common\util\api_call.js:33:48)
    at self.callback (D:\owlog\the-antman-web\node_modules\request\request.js:185:22)
    at Request.emit (events.js:210:5)
    at Request.onRequestError (D:\owlog\the-antman-web\node_modules\request\request.js:877:8)
    at ClientRequest.emit (events.js:210:5)
    at Socket.socketErrorListener (_http_client.js:406:9)
    at Socket.emit (events.js:210:5)
    at emitErrorNT (internal/streams/destroy.js:92:8)
    at emitErrorAndCloseNT (internal/streams/destroy.js:60:3)
    at processTicksAndRejections (internal/process/task_queues.js:80:21)
TypeError: Cannot read property 'statusCode' of undefined
    at Request._callback (D:\owlog\the-antman-web\common\util\api_call.js:33:48)
    at self.callback (D:\owlog\the-antman-web\node_modules\request\request.js:185:22)
    at Request.emit (events.js:210:5)
    at Request.onRequestError (D:\owlog\the-antman-web\node_modules\request\request.js:877:8)
    at ClientRequest.emit (events.js:210:5)
    at Socket.socketErrorListener (_http_client.js:406:9)
    at Socket.emit (events.js:210:5)
    at emitErrorNT (internal/streams/destroy.js:92:8)
    at emitErrorAndCloseNT (internal/streams/destroy.js:60:3)
    at processTicksAndRejections (internal/process/task_queues.js:80:21)
